<?xml version="1.0" encoding="UTF-8"?>
<!-- Generated by org.testng.reporters.JUnitXMLReporter -->
<testsuite ignored="0" hostname="IN-HVB0BK3" failures="0" tests="7" name="Surefire test" time="5.06" errors="0" timestamp="2024-10-12T17:29:34 IST">
  <testcase classname="Test01_Get" name="test_01" time="1.628"/>
  <testcase classname="Test01_Get" name="test_02_Get" time="0.921"/>
  <testcase classname="Tests_Delete" name="test_01_Delete" time="0.548"/>
  <testcase classname="Tests_GET" name="test_1" time="0.224"/>
  <testcase classname="Tests_Patch" name="test_01_Patch" time="0.53"/>
  <testcase classname="Tests_POST" name="test_01_Post" time="0.696"/>
  <testcase classname="Tests_Put" name="test_01_Put" time="0.469"/>
</testsuite> <!-- Surefire test -->
