<?xml version="1.0" encoding="UTF-8"?>
<testsuite xmlns:xsi="http://www.w3.org/2001/XMLSchema-instance" xsi:noNamespaceSchemaLocation="https://maven.apache.org/surefire/maven-surefire-plugin/xsd/surefire-test-report-3.0.xsd" version="3.0" name="TestSuite" time="5.598" tests="7" errors="0" skipped="0" failures="0">
  <properties>
[...]
</properties>
  <testcase name="test_01" classname="Test01_Get" time="1.634">
    <system-out><![CDATA[200
HTTP/1.1 200 OK
]]></system-out>
    <system-err><![CDATA[SLF4J: No SLF4J providers were found.
SLF4J: Defaulting to no-operation (NOP) logger implementation
SLF4J: See http://www.slf4j.org/codes.html#noProviders for further details.
]]></system-err>
  </testcase>
  <testcase name="test_02_Get" classname="Test01_Get" time="0.915"/>
  <testcase name="test_01_Delete" classname="Tests_Delete" time="0.564">
    <system-out><![CDATA[HTTP/1.1 204 No Content
Date: Sat, 12 Oct 2024 11:59:32 GMT
Content-Length: 0
Connection: keep-alive
Report-To: {"group":"heroku-nel","max_age":3600,"endpoints":[{"url":"https://nel.heroku.com/reports?ts=1728734372&sid=c4c9725f-1ab0-44d8-820f-430df2718e11&s=kLmrd403UEmpBVZR8dbAkBfXkZSNHYsikp3iT1sX60E%3D"}]}
Reporting-Endpoints: heroku-nel=https://nel.heroku.com/reports?ts=1728734372&sid=c4c9725f-1ab0-44d8-820f-430df2718e11&s=kLmrd403UEmpBVZR8dbAkBfXkZSNHYsikp3iT1sX60E%3D
Nel: {"report_to":"heroku-nel","max_age":3600,"success_fraction":0.005,"failure_fraction":0.05,"response_headers":["Via"]}
X-Powered-By: Express
Access-Control-Allow-Origin: *
Etag: W/"2-vyGp6PvFo4RvsFtPoIWeCReyIC8"
Via: 1.1 vegur
CF-Cache-Status: DYNAMIC
Server: cloudflare
CF-RAY: 8d16eca22ad61bd6-BOM
]]></system-out>
  </testcase>
  <testcase name="test_1" classname="Tests_GET" time="0.208"/>
  <testcase name="test_01_Patch" classname="Tests_Patch" time="0.531">
    <system-out><![CDATA[{"name":"Ashok Bansal","Job":"Quality Assurance"}
HTTP/1.1 200 OK
Date: Sat, 12 Oct 2024 11:59:33 GMT
Content-Type: application/json; charset=utf-8
Transfer-Encoding: chunked
Connection: keep-alive
Report-To: {"group":"heroku-nel","max_age":3600,"endpoints":[{"url":"https://nel.heroku.com/reports?ts=1728734373&sid=c4c9725f-1ab0-44d8-820f-430df2718e11&s=Xf1NjwIjGhZxs7Db53KitOxJzQN8XTZAwpuNko4P4yw%3D"}]}
Reporting-Endpoints: heroku-nel=https://nel.heroku.com/reports?ts=1728734373&sid=c4c9725f-1ab0-44d8-820f-430df2718e11&s=Xf1NjwIjGhZxs7Db53KitOxJzQN8XTZAwpuNko4P4yw%3D
Nel: {"report_to":"heroku-nel","max_age":3600,"success_fraction":0.005,"failure_fraction":0.05,"response_headers":["Via"]}
X-Powered-By: Express
Access-Control-Allow-Origin: *
Etag: W/"58-o9kasIdn3my79XbEGLiO9o2Ph28"
Via: 1.1 vegur
CF-Cache-Status: DYNAMIC
Server: cloudflare
CF-RAY: 8d16eca70afb6ee0-BOM
Content-Encoding: gzip

{
    "name": "Ashok Bansal",
    "Job": "Quality Assurance",
    "updatedAt": "2024-10-12T11:59:33.232Z"
}
]]></system-out>
  </testcase>
  <testcase name="test_01_Post" classname="Tests_POST" time="0.695">
    <system-out><![CDATA[{"name":"Ashok Bansal","Job":"Quality Assurance"}
]]></system-out>
  </testcase>
  <testcase name="test_01_Put" classname="Tests_Put" time="0.471">
    <system-out><![CDATA[{"name":"Ashok Bansal","Job":"Quality Assurance"}
HTTP/1.1 200 OK
Date: Sat, 12 Oct 2024 11:59:34 GMT
Content-Type: application/json; charset=utf-8
Transfer-Encoding: chunked
Connection: keep-alive
Report-To: {"group":"heroku-nel","max_age":3600,"endpoints":[{"url":"https://nel.heroku.com/reports?ts=1728734374&sid=c4c9725f-1ab0-44d8-820f-430df2718e11&s=fbYAMJ4xT4K5zxPjHWhrYfCaEuZunIIlkRSwcreA5eo%3D"}]}
Reporting-Endpoints: heroku-nel=https://nel.heroku.com/reports?ts=1728734374&sid=c4c9725f-1ab0-44d8-820f-430df2718e11&s=fbYAMJ4xT4K5zxPjHWhrYfCaEuZunIIlkRSwcreA5eo%3D
Nel: {"report_to":"heroku-nel","max_age":3600,"success_fraction":0.005,"failure_fraction":0.05,"response_headers":["Via"]}
X-Powered-By: Express
Access-Control-Allow-Origin: *
Etag: W/"58-h5uroobQJF0nric6ZWadOT6oqnM"
Via: 1.1 vegur
CF-Cache-Status: DYNAMIC
Vary: Accept-Encoding
Server: cloudflare
CF-RAY: 8d16ecaeca3f31dc-BOM
Content-Encoding: gzip

{
    "name": "Ashok Bansal",
    "Job": "Quality Assurance",
    "updatedAt": "2024-10-12T11:59:34.419Z"
}
]]></system-out>
  </testcase>
</testsuite>