<?xml version="1.0" encoding="UTF-8"?>
<testng-results ignored="0" total="2" passed="2" failed="0" skipped="0">
  <reporter-output>
  </reporter-output>
  <suite started-at="2024-10-12T17:15:46 IST" name="Default suite" finished-at="2024-10-12T17:15:48 IST" duration-ms="2665">
    <groups>
    </groups>
    <test started-at="2024-10-12T17:15:46 IST" name="Default test" finished-at="2024-10-12T17:15:48 IST" duration-ms="2665">
      <class name="Test01_Get">
        <test-method signature="test_01()[pri:0, instance:Test01_Get@7d0b7e3c]" started-at="2024-10-12T17:15:46 IST" name="test_01" finished-at="2024-10-12T17:15:47 IST" duration-ms="1690" status="PASS">
          <reporter-output>
          </reporter-output>
        </test-method> <!-- test_01 -->
        <test-method signature="test_02_Get()[pri:0, instance:Test01_Get@7d0b7e3c]" started-at="2024-10-12T17:15:47 IST" name="test_02_Get" finished-at="2024-10-12T17:15:48 IST" duration-ms="905" status="PASS">
          <reporter-output>
          </reporter-output>
        </test-method> <!-- test_02_Get -->
      </class> <!-- Test01_Get -->
    </test> <!-- Default test -->
  </suite> <!-- Default suite -->
</testng-results>
